mode: set
go-nextjs-api/internal/handler/auth.go:17.70,19.2 1 0
go-nextjs-api/internal/handler/auth.go:22.48,25.47 2 0
go-nextjs-api/internal/handler/auth.go:25.47,30.3 2 0
go-nextjs-api/internal/handler/auth.go:32.2,33.16 2 0
go-nextjs-api/internal/handler/auth.go:33.16,38.3 2 0
go-nextjs-api/internal/handler/auth.go:40.2,40.38 1 0
go-nextjs-api/internal/handler/auth.go:44.45,47.47 2 0
go-nextjs-api/internal/handler/auth.go:47.47,52.3 2 0
go-nextjs-api/internal/handler/auth.go:54.2,55.16 2 0
go-nextjs-api/internal/handler/auth.go:55.16,60.3 2 0
go-nextjs-api/internal/handler/auth.go:62.2,62.33 1 0
go-nextjs-api/internal/handler/auth.go:66.50,68.16 2 0
go-nextjs-api/internal/handler/auth.go:68.16,73.3 2 0
go-nextjs-api/internal/handler/auth.go:75.2,75.17 1 0
go-nextjs-api/internal/handler/auth.go:75.17,80.3 2 0
go-nextjs-api/internal/handler/auth.go:82.2,82.29 1 0
go-nextjs-api/internal/handler/auth.go:86.52,88.31 2 0
go-nextjs-api/internal/handler/auth.go:88.31,93.3 2 0
go-nextjs-api/internal/handler/auth.go:96.2,97.16 2 0
go-nextjs-api/internal/handler/auth.go:97.16,102.3 2 0
go-nextjs-api/internal/handler/auth.go:104.2,106.4 1 0
go-nextjs-api/internal/handler/csp.go:17.66,19.2 1 0
go-nextjs-api/internal/handler/csp.go:24.53,34.28 7 0
go-nextjs-api/internal/handler/csp.go:34.28,36.3 1 0
go-nextjs-api/internal/handler/csp.go:38.2,39.44 2 0
go-nextjs-api/internal/handler/csp.go:39.44,41.3 1 0
go-nextjs-api/internal/handler/csp.go:43.2,47.18 3 0
go-nextjs-api/internal/handler/csp.go:47.18,49.31 2 0
go-nextjs-api/internal/handler/csp.go:49.31,52.4 2 0
go-nextjs-api/internal/handler/csp.go:53.3,54.17 2 0
go-nextjs-api/internal/handler/csp.go:54.17,57.4 2 0
go-nextjs-api/internal/handler/csp.go:58.8,58.31 1 0
go-nextjs-api/internal/handler/csp.go:58.31,60.17 2 0
go-nextjs-api/internal/handler/csp.go:60.17,63.4 2 0
go-nextjs-api/internal/handler/csp.go:64.3,65.17 2 0
go-nextjs-api/internal/handler/csp.go:65.17,68.4 2 0
go-nextjs-api/internal/handler/csp.go:69.8,69.28 1 0
go-nextjs-api/internal/handler/csp.go:69.28,71.17 2 0
go-nextjs-api/internal/handler/csp.go:71.17,74.4 2 0
go-nextjs-api/internal/handler/csp.go:75.3,76.17 2 0
go-nextjs-api/internal/handler/csp.go:76.17,79.4 2 0
go-nextjs-api/internal/handler/csp.go:80.8,83.17 2 0
go-nextjs-api/internal/handler/csp.go:83.17,86.4 2 0
go-nextjs-api/internal/handler/csp.go:89.2,90.23 2 0
go-nextjs-api/internal/handler/csp.go:90.23,92.3 1 0
go-nextjs-api/internal/handler/csp.go:94.2,94.33 1 0
go-nextjs-api/internal/handler/csp.go:98.52,101.16 3 0
go-nextjs-api/internal/handler/csp.go:101.16,104.3 2 0
go-nextjs-api/internal/handler/csp.go:106.2,107.16 2 0
go-nextjs-api/internal/handler/csp.go:107.16,110.3 2 0
go-nextjs-api/internal/handler/csp.go:112.2,112.47 1 0
go-nextjs-api/internal/handler/csp.go:116.55,118.47 2 0
go-nextjs-api/internal/handler/csp.go:118.47,121.3 2 0
go-nextjs-api/internal/handler/csp.go:124.2,125.13 2 0
go-nextjs-api/internal/handler/csp.go:125.13,128.3 2 0
go-nextjs-api/internal/handler/csp.go:130.2,131.16 2 0
go-nextjs-api/internal/handler/csp.go:131.16,134.3 2 0
go-nextjs-api/internal/handler/csp.go:136.2,136.52 1 0
go-nextjs-api/internal/handler/csp.go:140.55,143.16 3 0
go-nextjs-api/internal/handler/csp.go:143.16,146.3 2 0
go-nextjs-api/internal/handler/csp.go:148.2,149.47 2 0
go-nextjs-api/internal/handler/csp.go:149.47,152.3 2 0
go-nextjs-api/internal/handler/csp.go:155.2,156.13 2 0
go-nextjs-api/internal/handler/csp.go:156.13,159.3 2 0
go-nextjs-api/internal/handler/csp.go:161.2,162.16 2 0
go-nextjs-api/internal/handler/csp.go:162.16,165.3 2 0
go-nextjs-api/internal/handler/csp.go:167.2,167.47 1 0
go-nextjs-api/internal/handler/csp.go:171.55,174.16 3 0
go-nextjs-api/internal/handler/csp.go:174.16,177.3 2 0
go-nextjs-api/internal/handler/csp.go:179.2,180.47 2 0
go-nextjs-api/internal/handler/csp.go:180.47,183.3 2 0
go-nextjs-api/internal/handler/csp.go:186.2,187.13 2 0
go-nextjs-api/internal/handler/csp.go:187.13,190.3 2 0
go-nextjs-api/internal/handler/csp.go:192.2,193.16 2 0
go-nextjs-api/internal/handler/csp.go:193.16,196.3 2 0
go-nextjs-api/internal/handler/csp.go:198.2,198.47 1 0
go-nextjs-api/internal/handler/csp.go:202.55,205.16 3 0
go-nextjs-api/internal/handler/csp.go:205.16,208.3 2 0
go-nextjs-api/internal/handler/csp.go:211.2,212.13 2 0
go-nextjs-api/internal/handler/csp.go:212.13,215.3 2 0
go-nextjs-api/internal/handler/csp.go:217.2,218.16 2 0
go-nextjs-api/internal/handler/csp.go:218.16,221.3 2 0
go-nextjs-api/internal/handler/csp.go:223.2,223.77 1 0
go-nextjs-api/internal/handler/csp.go:229.53,237.28 5 0
go-nextjs-api/internal/handler/csp.go:237.28,239.3 1 0
go-nextjs-api/internal/handler/csp.go:241.2,242.44 2 0
go-nextjs-api/internal/handler/csp.go:242.44,244.3 1 0
go-nextjs-api/internal/handler/csp.go:246.2,249.20 3 0
go-nextjs-api/internal/handler/csp.go:249.20,251.29 2 0
go-nextjs-api/internal/handler/csp.go:251.29,254.4 2 0
go-nextjs-api/internal/handler/csp.go:255.3,256.17 2 0
go-nextjs-api/internal/handler/csp.go:256.17,259.4 2 0
go-nextjs-api/internal/handler/csp.go:260.8,263.17 2 0
go-nextjs-api/internal/handler/csp.go:263.17,266.4 2 0
go-nextjs-api/internal/handler/csp.go:269.2,270.23 2 0
go-nextjs-api/internal/handler/csp.go:270.23,272.3 1 0
go-nextjs-api/internal/handler/csp.go:274.2,274.33 1 0
go-nextjs-api/internal/handler/csp.go:278.52,281.16 3 0
go-nextjs-api/internal/handler/csp.go:281.16,284.3 2 0
go-nextjs-api/internal/handler/csp.go:286.2,287.16 2 0
go-nextjs-api/internal/handler/csp.go:287.16,290.3 2 0
go-nextjs-api/internal/handler/csp.go:292.2,292.47 1 0
go-nextjs-api/internal/handler/csp.go:296.55,298.47 2 0
go-nextjs-api/internal/handler/csp.go:298.47,301.3 2 0
go-nextjs-api/internal/handler/csp.go:304.2,305.13 2 0
go-nextjs-api/internal/handler/csp.go:305.13,308.3 2 0
go-nextjs-api/internal/handler/csp.go:310.2,311.16 2 0
go-nextjs-api/internal/handler/csp.go:311.16,314.3 2 0
go-nextjs-api/internal/handler/csp.go:316.2,316.52 1 0
go-nextjs-api/internal/handler/csp.go:320.55,323.16 3 0
go-nextjs-api/internal/handler/csp.go:323.16,326.3 2 0
go-nextjs-api/internal/handler/csp.go:328.2,329.51 2 0
go-nextjs-api/internal/handler/csp.go:329.51,332.3 2 0
go-nextjs-api/internal/handler/csp.go:335.2,336.13 2 0
go-nextjs-api/internal/handler/csp.go:336.13,339.3 2 0
go-nextjs-api/internal/handler/csp.go:341.2,342.16 2 0
go-nextjs-api/internal/handler/csp.go:342.16,345.3 2 0
go-nextjs-api/internal/handler/csp.go:347.2,347.54 1 0
go-nextjs-api/internal/handler/csp.go:351.55,354.16 3 0
go-nextjs-api/internal/handler/csp.go:354.16,357.3 2 0
go-nextjs-api/internal/handler/csp.go:360.2,361.13 2 0
go-nextjs-api/internal/handler/csp.go:361.13,364.3 2 0
go-nextjs-api/internal/handler/csp.go:366.2,367.16 2 0
go-nextjs-api/internal/handler/csp.go:367.16,370.3 2 0
go-nextjs-api/internal/handler/csp.go:372.2,372.77 1 0
go-nextjs-api/internal/handler/csp.go:378.60,381.13 2 0
go-nextjs-api/internal/handler/csp.go:381.13,384.3 2 0
go-nextjs-api/internal/handler/csp.go:386.2,392.24 5 0
go-nextjs-api/internal/handler/csp.go:392.24,394.17 2 0
go-nextjs-api/internal/handler/csp.go:394.17,397.4 2 0
go-nextjs-api/internal/handler/csp.go:400.3,401.17 2 0
go-nextjs-api/internal/handler/csp.go:401.17,404.4 2 0
go-nextjs-api/internal/handler/csp.go:405.3,405.17 1 0
go-nextjs-api/internal/handler/csp.go:405.17,408.4 2 0
go-nextjs-api/internal/handler/csp.go:410.3,410.82 1 0
go-nextjs-api/internal/handler/csp.go:411.8,411.34 1 0
go-nextjs-api/internal/handler/csp.go:411.34,413.17 2 0
go-nextjs-api/internal/handler/csp.go:413.17,416.4 2 0
go-nextjs-api/internal/handler/csp.go:417.3,417.88 1 0
go-nextjs-api/internal/handler/csp.go:418.8,423.3 2 0
go-nextjs-api/internal/handler/csp.go:425.2,425.16 1 0
go-nextjs-api/internal/handler/csp.go:425.16,428.3 2 0
go-nextjs-api/internal/handler/csp.go:430.2,430.49 1 0
go-nextjs-api/internal/handler/csp.go:434.62,441.47 3 0
go-nextjs-api/internal/handler/csp.go:441.47,444.3 2 0
go-nextjs-api/internal/handler/csp.go:447.2,448.13 2 0
go-nextjs-api/internal/handler/csp.go:448.13,451.3 2 0
go-nextjs-api/internal/handler/csp.go:453.2,454.16 2 0
go-nextjs-api/internal/handler/csp.go:454.16,457.3 2 0
go-nextjs-api/internal/handler/csp.go:459.2,459.53 1 0
go-nextjs-api/internal/handler/csp.go:463.62,466.16 3 0
go-nextjs-api/internal/handler/csp.go:466.16,469.3 2 0
go-nextjs-api/internal/handler/csp.go:472.2,473.13 2 0
go-nextjs-api/internal/handler/csp.go:473.13,476.3 2 0
go-nextjs-api/internal/handler/csp.go:478.2,479.16 2 0
go-nextjs-api/internal/handler/csp.go:479.16,482.3 2 0
go-nextjs-api/internal/handler/csp.go:484.2,484.94 1 0
go-nextjs-api/internal/handler/csp.go:490.59,498.27 6 0
go-nextjs-api/internal/handler/csp.go:498.27,500.17 2 0
go-nextjs-api/internal/handler/csp.go:500.17,503.4 2 0
go-nextjs-api/internal/handler/csp.go:504.3,504.85 1 0
go-nextjs-api/internal/handler/csp.go:505.8,505.31 1 0
go-nextjs-api/internal/handler/csp.go:505.31,507.17 2 0
go-nextjs-api/internal/handler/csp.go:507.17,510.4 2 0
go-nextjs-api/internal/handler/csp.go:511.3,511.79 1 0
go-nextjs-api/internal/handler/csp.go:512.8,512.28 1 0
go-nextjs-api/internal/handler/csp.go:512.28,514.17 2 0
go-nextjs-api/internal/handler/csp.go:514.17,517.4 2 0
go-nextjs-api/internal/handler/csp.go:518.3,518.73 1 0
go-nextjs-api/internal/handler/csp.go:519.8,521.3 1 0
go-nextjs-api/internal/handler/csp.go:523.2,523.16 1 0
go-nextjs-api/internal/handler/csp.go:523.16,526.3 2 0
go-nextjs-api/internal/handler/csp.go:528.2,528.47 1 0
go-nextjs-api/internal/handler/csp.go:532.58,534.16 2 0
go-nextjs-api/internal/handler/csp.go:534.16,537.3 2 0
go-nextjs-api/internal/handler/csp.go:539.2,540.16 2 0
go-nextjs-api/internal/handler/csp.go:540.16,543.3 2 0
go-nextjs-api/internal/handler/csp.go:545.2,545.46 1 0
go-nextjs-api/internal/handler/csp.go:549.61,552.13 2 0
go-nextjs-api/internal/handler/csp.go:552.13,555.3 2 0
go-nextjs-api/internal/handler/csp.go:557.2,558.47 2 0
go-nextjs-api/internal/handler/csp.go:558.47,561.3 2 0
go-nextjs-api/internal/handler/csp.go:563.2,564.16 2 0
go-nextjs-api/internal/handler/csp.go:564.16,567.3 2 0
go-nextjs-api/internal/handler/csp.go:569.2,569.51 1 0
go-nextjs-api/internal/handler/csp.go:573.61,576.13 2 0
go-nextjs-api/internal/handler/csp.go:576.13,579.3 2 0
go-nextjs-api/internal/handler/csp.go:581.2,582.16 2 0
go-nextjs-api/internal/handler/csp.go:582.16,585.3 2 0
go-nextjs-api/internal/handler/csp.go:587.2,588.47 2 0
go-nextjs-api/internal/handler/csp.go:588.47,591.3 2 0
go-nextjs-api/internal/handler/csp.go:593.2,594.16 2 0
go-nextjs-api/internal/handler/csp.go:594.16,597.3 2 0
go-nextjs-api/internal/handler/csp.go:599.2,599.46 1 0
go-nextjs-api/internal/handler/csp.go:603.61,606.13 2 0
go-nextjs-api/internal/handler/csp.go:606.13,609.3 2 0
go-nextjs-api/internal/handler/csp.go:611.2,612.16 2 0
go-nextjs-api/internal/handler/csp.go:612.16,615.3 2 0
go-nextjs-api/internal/handler/csp.go:617.2,618.16 2 0
go-nextjs-api/internal/handler/csp.go:618.16,621.3 2 0
go-nextjs-api/internal/handler/csp.go:623.2,623.84 1 0
go-nextjs-api/internal/handler/project.go:18.82,20.2 1 1
go-nextjs-api/internal/handler/project.go:23.58,25.13 2 1
go-nextjs-api/internal/handler/project.go:25.13,30.3 2 1
go-nextjs-api/internal/handler/project.go:32.2,33.16 2 1
go-nextjs-api/internal/handler/project.go:33.16,38.3 2 1
go-nextjs-api/internal/handler/project.go:40.2,42.4 1 1
go-nextjs-api/internal/handler/project.go:46.53,48.13 2 0
go-nextjs-api/internal/handler/project.go:48.13,53.3 2 0
go-nextjs-api/internal/handler/project.go:55.2,56.16 2 0
go-nextjs-api/internal/handler/project.go:56.16,61.3 2 0
go-nextjs-api/internal/handler/project.go:64.2,65.16 2 0
go-nextjs-api/internal/handler/project.go:65.16,70.3 2 0
go-nextjs-api/internal/handler/project.go:72.2,72.27 1 0
go-nextjs-api/internal/handler/project.go:72.27,77.3 2 0
go-nextjs-api/internal/handler/project.go:80.2,81.16 2 0
go-nextjs-api/internal/handler/project.go:81.16,86.3 2 0
go-nextjs-api/internal/handler/project.go:89.2,91.32 2 0
go-nextjs-api/internal/handler/project.go:95.60,97.13 2 0
go-nextjs-api/internal/handler/project.go:97.13,102.3 2 0
go-nextjs-api/internal/handler/project.go:104.2,105.16 2 0
go-nextjs-api/internal/handler/project.go:105.16,110.3 2 0
go-nextjs-api/internal/handler/project.go:113.2,114.16 2 0
go-nextjs-api/internal/handler/project.go:114.16,119.3 2 0
go-nextjs-api/internal/handler/project.go:121.2,121.27 1 0
go-nextjs-api/internal/handler/project.go:121.27,126.3 2 0
go-nextjs-api/internal/handler/project.go:129.2,134.16 4 0
go-nextjs-api/internal/handler/project.go:134.16,139.3 2 0
go-nextjs-api/internal/handler/project.go:142.2,156.4 4 0
go-nextjs-api/internal/handler/project.go:160.56,162.13 2 0
go-nextjs-api/internal/handler/project.go:162.13,167.3 2 0
go-nextjs-api/internal/handler/project.go:169.2,170.47 2 0
go-nextjs-api/internal/handler/project.go:170.47,175.3 2 0
go-nextjs-api/internal/handler/project.go:177.2,178.16 2 0
go-nextjs-api/internal/handler/project.go:178.16,183.3 2 0
go-nextjs-api/internal/handler/project.go:185.2,185.37 1 0
go-nextjs-api/internal/handler/project.go:189.56,191.13 2 0
go-nextjs-api/internal/handler/project.go:191.13,196.3 2 0
go-nextjs-api/internal/handler/project.go:198.2,199.16 2 0
go-nextjs-api/internal/handler/project.go:199.16,204.3 2 0
go-nextjs-api/internal/handler/project.go:206.2,207.47 2 0
go-nextjs-api/internal/handler/project.go:207.47,212.3 2 0
go-nextjs-api/internal/handler/project.go:214.2,215.16 2 0
go-nextjs-api/internal/handler/project.go:215.16,216.46 1 0
go-nextjs-api/internal/handler/project.go:216.46,221.4 2 0
go-nextjs-api/internal/handler/project.go:222.3,222.38 1 0
go-nextjs-api/internal/handler/project.go:222.38,227.4 2 0
go-nextjs-api/internal/handler/project.go:228.3,231.9 2 0
go-nextjs-api/internal/handler/project.go:234.2,234.32 1 0
go-nextjs-api/internal/handler/project.go:238.56,240.13 2 0
go-nextjs-api/internal/handler/project.go:240.13,245.3 2 0
go-nextjs-api/internal/handler/project.go:247.2,248.16 2 0
go-nextjs-api/internal/handler/project.go:248.16,253.3 2 0
go-nextjs-api/internal/handler/project.go:255.2,255.87 1 0
go-nextjs-api/internal/handler/project.go:255.87,256.46 1 0
go-nextjs-api/internal/handler/project.go:256.46,261.4 2 0
go-nextjs-api/internal/handler/project.go:262.3,265.9 2 0
go-nextjs-api/internal/handler/project.go:268.2,270.4 1 0
go-nextjs-api/internal/handler/project.go:274.59,276.13 2 0
go-nextjs-api/internal/handler/project.go:276.13,281.3 2 0
go-nextjs-api/internal/handler/project.go:283.2,284.16 2 0
go-nextjs-api/internal/handler/project.go:284.16,289.3 2 0
go-nextjs-api/internal/handler/project.go:292.2,293.16 2 0
go-nextjs-api/internal/handler/project.go:293.16,298.3 2 0
go-nextjs-api/internal/handler/project.go:300.2,300.27 1 0
go-nextjs-api/internal/handler/project.go:300.27,305.3 2 0
go-nextjs-api/internal/handler/project.go:307.2,308.47 2 0
go-nextjs-api/internal/handler/project.go:308.47,313.3 2 0
go-nextjs-api/internal/handler/project.go:315.2,315.97 1 0
go-nextjs-api/internal/handler/project.go:315.97,316.35 1 0
go-nextjs-api/internal/handler/project.go:316.35,321.4 2 0
go-nextjs-api/internal/handler/project.go:322.3,322.51 1 0
go-nextjs-api/internal/handler/project.go:322.51,327.4 2 0
go-nextjs-api/internal/handler/project.go:328.3,331.9 2 0
go-nextjs-api/internal/handler/project.go:334.2,336.4 1 0
go-nextjs-api/internal/handler/project.go:340.66,342.13 2 0
go-nextjs-api/internal/handler/project.go:342.13,347.3 2 0
go-nextjs-api/internal/handler/project.go:349.2,350.16 2 0
go-nextjs-api/internal/handler/project.go:350.16,355.3 2 0
go-nextjs-api/internal/handler/project.go:357.2,358.16 2 0
go-nextjs-api/internal/handler/project.go:358.16,363.3 2 0
go-nextjs-api/internal/handler/project.go:366.2,367.16 2 0
go-nextjs-api/internal/handler/project.go:367.16,372.3 2 0
go-nextjs-api/internal/handler/project.go:374.2,374.27 1 0
go-nextjs-api/internal/handler/project.go:374.27,379.3 2 0
go-nextjs-api/internal/handler/project.go:381.2,382.47 2 0
go-nextjs-api/internal/handler/project.go:382.47,388.3 3 0
go-nextjs-api/internal/handler/project.go:390.2,392.106 2 0
go-nextjs-api/internal/handler/project.go:392.106,394.46 2 0
go-nextjs-api/internal/handler/project.go:394.46,399.4 2 0
go-nextjs-api/internal/handler/project.go:400.3,403.9 2 0
go-nextjs-api/internal/handler/project.go:406.2,408.4 1 0
go-nextjs-api/internal/handler/project.go:412.62,414.13 2 0
go-nextjs-api/internal/handler/project.go:414.13,419.3 2 0
go-nextjs-api/internal/handler/project.go:421.2,422.16 2 0
go-nextjs-api/internal/handler/project.go:422.16,427.3 2 0
go-nextjs-api/internal/handler/project.go:429.2,430.16 2 0
go-nextjs-api/internal/handler/project.go:430.16,435.3 2 0
go-nextjs-api/internal/handler/project.go:438.2,439.16 2 0
go-nextjs-api/internal/handler/project.go:439.16,444.3 2 0
go-nextjs-api/internal/handler/project.go:446.2,446.27 1 0
go-nextjs-api/internal/handler/project.go:446.27,451.3 2 0
go-nextjs-api/internal/handler/project.go:453.2,453.96 1 0
go-nextjs-api/internal/handler/project.go:453.96,454.46 1 0
go-nextjs-api/internal/handler/project.go:454.46,459.4 2 0
go-nextjs-api/internal/handler/project.go:460.3,460.44 1 0
go-nextjs-api/internal/handler/project.go:460.44,465.4 2 0
go-nextjs-api/internal/handler/project.go:466.3,469.9 2 0
go-nextjs-api/internal/handler/project.go:472.2,474.4 1 0
go-nextjs-api/internal/handler/users.go:17.70,19.2 1 0
go-nextjs-api/internal/handler/users.go:22.48,31.28 6 0
go-nextjs-api/internal/handler/users.go:31.28,33.3 1 0
go-nextjs-api/internal/handler/users.go:35.2,36.44 2 0
go-nextjs-api/internal/handler/users.go:36.44,38.3 1 0
go-nextjs-api/internal/handler/users.go:40.2,43.18 3 0
go-nextjs-api/internal/handler/users.go:43.18,46.3 1 0
go-nextjs-api/internal/handler/users.go:46.8,49.3 1 0
go-nextjs-api/internal/handler/users.go:51.2,51.16 1 0
go-nextjs-api/internal/handler/users.go:51.16,56.3 2 0
go-nextjs-api/internal/handler/users.go:58.2,61.4 1 0
go-nextjs-api/internal/handler/users.go:65.47,67.16 2 0
go-nextjs-api/internal/handler/users.go:67.16,72.3 2 0
go-nextjs-api/internal/handler/users.go:74.2,75.16 2 0
go-nextjs-api/internal/handler/users.go:75.16,80.3 2 0
go-nextjs-api/internal/handler/users.go:82.2,82.29 1 0
go-nextjs-api/internal/handler/users.go:86.50,89.48 2 0
go-nextjs-api/internal/handler/users.go:89.48,94.3 2 0
go-nextjs-api/internal/handler/users.go:96.2,96.56 1 0
go-nextjs-api/internal/handler/users.go:96.56,101.3 2 0
go-nextjs-api/internal/handler/users.go:103.2,103.34 1 0
go-nextjs-api/internal/handler/users.go:107.50,109.16 2 0
go-nextjs-api/internal/handler/users.go:109.16,114.3 2 0
go-nextjs-api/internal/handler/users.go:116.2,117.48 2 0
go-nextjs-api/internal/handler/users.go:117.48,122.3 2 0
go-nextjs-api/internal/handler/users.go:124.2,124.66 1 0
go-nextjs-api/internal/handler/users.go:124.66,129.3 2 0
go-nextjs-api/internal/handler/users.go:131.2,131.29 1 0
go-nextjs-api/internal/handler/users.go:135.50,137.16 2 0
go-nextjs-api/internal/handler/users.go:137.16,142.3 2 0
go-nextjs-api/internal/handler/users.go:144.2,144.59 1 0
go-nextjs-api/internal/handler/users.go:144.59,149.3 2 0
go-nextjs-api/internal/handler/users.go:151.2,153.4 1 0
